{
    "meta": {
        "format": 3,
        "version": "7.10.6",
        "timestamp": "2025-09-18T13:58:16.342791",
        "branch_coverage": true,
        "show_contexts": true
    },
    "files": {
        "Exchanges\\Live\\Binance.py": {
            "executed_lines": [
                1,
                2,
                3,
                4,
                5,
                6,
                7,
                9,
                10,
                11,
                12,
                14,
                15,
                18,
                20,
                30,
                32,
                46,
                60,
                70,
                80,
                92,
                106,
                166,
                167
            ],
            "summary": {
                "covered_lines": 24,
                "num_statements": 70,
                "percent_covered": 30.76923076923077,
                "percent_covered_display": "30.77",
                "missing_lines": 46,
                "excluded_lines": 5,
                "num_branches": 8,
                "num_partial_branches": 0,
                "covered_branches": 0,
                "missing_branches": 8
            },
            "missing_lines": [
                40,
                41,
                42,
                43,
                44,
                54,
                55,
                56,
                57,
                58,
                66,
                67,
                68,
                74,
                75,
                76,
                77,
                78,
                87,
                88,
                89,
                90,
                100,
                101,
                102,
                103,
                104,
                116,
                117,
                119,
                128,
                129,
                130,
                131,
                132,
                134,
                135,
                136,
                139,
                140,
                148,
                149,
                175,
                183,
                184,
                186
            ],
            "excluded_lines": [
                151,
                152,
                155,
                156,
                164
            ],
            "contexts": {
                "30": [
                    ""
                ],
                "14": [
                    ""
                ],
                "1": [
                    ""
                ],
                "2": [
                    ""
                ],
                "3": [
                    ""
                ],
                "4": [
                    ""
                ],
                "5": [
                    ""
                ],
                "6": [
                    ""
                ],
                "7": [
                    ""
                ],
                "9": [
                    ""
                ],
                "10": [
                    ""
                ],
                "11": [
                    ""
                ],
                "12": [
                    ""
                ],
                "15": [
                    ""
                ],
                "18": [
                    ""
                ],
                "20": [
                    ""
                ],
                "32": [
                    ""
                ],
                "46": [
                    ""
                ],
                "60": [
                    ""
                ],
                "70": [
                    ""
                ],
                "80": [
                    ""
                ],
                "92": [
                    ""
                ],
                "106": [
                    ""
                ],
                "166": [
                    ""
                ],
                "167": [
                    ""
                ]
            },
            "executed_branches": [],
            "missing_branches": [
                [
                    128,
                    129
                ],
                [
                    128,
                    134
                ],
                [
                    129,
                    130
                ],
                [
                    129,
                    131
                ],
                [
                    139,
                    140
                ],
                [
                    139,
                    148
                ],
                [
                    183,
                    184
                ],
                [
                    183,
                    186
                ]
            ],
            "functions": {
                "Binance.__init__": {
                    "executed_lines": [
                        30
                    ],
                    "summary": {
                        "covered_lines": 1,
                        "num_statements": 1,
                        "percent_covered": 100.0,
                        "percent_covered_display": "100.00",
                        "missing_lines": 0,
                        "excluded_lines": 0,
                        "num_branches": 0,
                        "num_partial_branches": 0,
                        "covered_branches": 0,
                        "missing_branches": 0
                    },
                    "missing_lines": [],
                    "excluded_lines": [],
                    "contexts": {
                        "30": [
                            ""
                        ],
                        "14": [
                            ""
                        ],
                        "1": [
                            ""
                        ],
                        "2": [
                            ""
                        ],
                        "3": [
                            ""
                        ],
                        "4": [
                            ""
                        ],
                        "5": [
                            ""
                        ],
                        "6": [
                            ""
                        ],
                        "7": [
                            ""
                        ],
                        "9": [
                            ""
                        ],
                        "10": [
                            ""
                        ],
                        "11": [
                            ""
                        ],
                        "12": [
                            ""
                        ],
                        "15": [
                            ""
                        ],
                        "18": [
                            ""
                        ],
                        "20": [
                            ""
                        ],
                        "32": [
                            ""
                        ],
                        "46": [
                            ""
                        ],
                        "60": [
                            ""
                        ],
                        "70": [
                            ""
                        ],
                        "80": [
                            ""
                        ],
                        "92": [
                            ""
                        ],
                        "106": [
                            ""
                        ],
                        "166": [
                            ""
                        ],
                        "167": [
                            ""
                        ]
                    },
                    "executed_branches": [],
                    "missing_branches": []
                },
                "Binance.__get_binanceus_signature": {
                    "executed_lines": [],
                    "summary": {
                        "covered_lines": 0,
                        "num_statements": 5,
                        "percent_covered": 0.0,
                        "percent_covered_display": "0.00",
                        "missing_lines": 5,
                        "excluded_lines": 0,
                        "num_branches": 0,
                        "num_partial_branches": 0,
                        "covered_branches": 0,
                        "missing_branches": 0
                    },
                    "missing_lines": [
                        40,
                        41,
                        42,
                        43,
                        44
                    ],
                    "excluded_lines": [],
                    "contexts": {
                        "30": [
                            ""
                        ],
                        "14": [
                            ""
                        ],
                        "1": [
                            ""
                        ],
                        "2": [
                            ""
                        ],
                        "3": [
                            ""
                        ],
                        "4": [
                            ""
                        ],
                        "5": [
                            ""
                        ],
                        "6": [
                            ""
                        ],
                        "7": [
                            ""
                        ],
                        "9": [
                            ""
                        ],
                        "10": [
                            ""
                        ],
                        "11": [
                            ""
                        ],
                        "12": [
                            ""
                        ],
                        "15": [
                            ""
                        ],
                        "18": [
                            ""
                        ],
                        "20": [
                            ""
                        ],
                        "32": [
                            ""
                        ],
                        "46": [
                            ""
                        ],
                        "60": [
                            ""
                        ],
                        "70": [
                            ""
                        ],
                        "80": [
                            ""
                        ],
                        "92": [
                            ""
                        ],
                        "106": [
                            ""
                        ],
                        "166": [
                            ""
                        ],
                        "167": [
                            ""
                        ]
                    },
                    "executed_branches": [],
                    "missing_branches": []
                },
                "Binance.__submit_get_request": {
                    "executed_lines": [],
                    "summary": {
                        "covered_lines": 0,
                        "num_statements": 5,
                        "percent_covered": 0.0,
                        "percent_covered_display": "0.00",
                        "missing_lines": 5,
                        "excluded_lines": 0,
                        "num_branches": 0,
                        "num_partial_branches": 0,
                        "covered_branches": 0,
                        "missing_branches": 0
                    },
                    "missing_lines": [
                        54,
                        55,
                        56,
                        57,
                        58
                    ],
                    "excluded_lines": [],
                    "contexts": {
                        "30": [
                            ""
                        ],
                        "14": [
                            ""
                        ],
                        "1": [
                            ""
                        ],
                        "2": [
                            ""
                        ],
                        "3": [
                            ""
                        ],
                        "4": [
                            ""
                        ],
                        "5": [
                            ""
                        ],
                        "6": [
                            ""
                        ],
                        "7": [
                            ""
                        ],
                        "9": [
                            ""
                        ],
                        "10": [
                            ""
                        ],
                        "11": [
                            ""
                        ],
                        "12": [
                            ""
                        ],
                        "15": [
                            ""
                        ],
                        "18": [
                            ""
                        ],
                        "20": [
                            ""
                        ],
                        "32": [
                            ""
                        ],
                        "46": [
                            ""
                        ],
                        "60": [
                            ""
                        ],
                        "70": [
                            ""
                        ],
                        "80": [
                            ""
                        ],
                        "92": [
                            ""
                        ],
                        "106": [
                            ""
                        ],
                        "166": [
                            ""
                        ],
                        "167": [
                            ""
                        ]
                    },
                    "executed_branches": [],
                    "missing_branches": []
                },
                "Binance.get_connectivity_status": {
                    "executed_lines": [],
                    "summary": {
                        "covered_lines": 0,
                        "num_statements": 3,
                        "percent_covered": 0.0,
                        "percent_covered_display": "0.00",
                        "missing_lines": 3,
                        "excluded_lines": 0,
                        "num_branches": 0,
                        "num_partial_branches": 0,
                        "covered_branches": 0,
                        "missing_branches": 0
                    },
                    "missing_lines": [
                        66,
                        67,
                        68
                    ],
                    "excluded_lines": [],
                    "contexts": {
                        "30": [
                            ""
                        ],
                        "14": [
                            ""
                        ],
                        "1": [
                            ""
                        ],
                        "2": [
                            ""
                        ],
                        "3": [
                            ""
                        ],
                        "4": [
                            ""
                        ],
                        "5": [
                            ""
                        ],
                        "6": [
                            ""
                        ],
                        "7": [
                            ""
                        ],
                        "9": [
                            ""
                        ],
                        "10": [
                            ""
                        ],
                        "11": [
                            ""
                        ],
                        "12": [
                            ""
                        ],
                        "15": [
                            ""
                        ],
                        "18": [
                            ""
                        ],
                        "20": [
                            ""
                        ],
                        "32": [
                            ""
                        ],
                        "46": [
                            ""
                        ],
                        "60": [
                            ""
                        ],
                        "70": [
                            ""
                        ],
                        "80": [
                            ""
                        ],
                        "92": [
                            ""
                        ],
                        "106": [
                            ""
                        ],
                        "166": [
                            ""
                        ],
                        "167": [
                            ""
                        ]
                    },
                    "executed_branches": [],
                    "missing_branches": []
                },
                "Binance.get_account_status": {
                    "executed_lines": [],
                    "summary": {
                        "covered_lines": 0,
                        "num_statements": 5,
                        "percent_covered": 0.0,
                        "percent_covered_display": "0.00",
                        "missing_lines": 5,
                        "excluded_lines": 0,
                        "num_branches": 0,
                        "num_partial_branches": 0,
                        "covered_branches": 0,
                        "missing_branches": 0
                    },
                    "missing_lines": [
                        74,
                        75,
                        76,
                        77,
                        78
                    ],
                    "excluded_lines": [],
                    "contexts": {
                        "30": [
                            ""
                        ],
                        "14": [
                            ""
                        ],
                        "1": [
                            ""
                        ],
                        "2": [
                            ""
                        ],
                        "3": [
                            ""
                        ],
                        "4": [
                            ""
                        ],
                        "5": [
                            ""
                        ],
                        "6": [
                            ""
                        ],
                        "7": [
                            ""
                        ],
                        "9": [
                            ""
                        ],
                        "10": [
                            ""
                        ],
                        "11": [
                            ""
                        ],
                        "12": [
                            ""
                        ],
                        "15": [
                            ""
                        ],
                        "18": [
                            ""
                        ],
                        "20": [
                            ""
                        ],
                        "32": [
                            ""
                        ],
                        "46": [
                            ""
                        ],
                        "60": [
                            ""
                        ],
                        "70": [
                            ""
                        ],
                        "80": [
                            ""
                        ],
                        "92": [
                            ""
                        ],
                        "106": [
                            ""
                        ],
                        "166": [
                            ""
                        ],
                        "167": [
                            ""
                        ]
                    },
                    "executed_branches": [],
                    "missing_branches": []
                },
                "Binance.get_candle_stick_data": {
                    "executed_lines": [],
                    "summary": {
                        "covered_lines": 0,
                        "num_statements": 4,
                        "percent_covered": 0.0,
                        "percent_covered_display": "0.00",
                        "missing_lines": 4,
                        "excluded_lines": 0,
                        "num_branches": 0,
                        "num_partial_branches": 0,
                        "covered_branches": 0,
                        "missing_branches": 0
                    },
                    "missing_lines": [
                        87,
                        88,
                        89,
                        90
                    ],
                    "excluded_lines": [],
                    "contexts": {
                        "30": [
                            ""
                        ],
                        "14": [
                            ""
                        ],
                        "1": [
                            ""
                        ],
                        "2": [
                            ""
                        ],
                        "3": [
                            ""
                        ],
                        "4": [
                            ""
                        ],
                        "5": [
                            ""
                        ],
                        "6": [
                            ""
                        ],
                        "7": [
                            ""
                        ],
                        "9": [
                            ""
                        ],
                        "10": [
                            ""
                        ],
                        "11": [
                            ""
                        ],
                        "12": [
                            ""
                        ],
                        "15": [
                            ""
                        ],
                        "18": [
                            ""
                        ],
                        "20": [
                            ""
                        ],
                        "32": [
                            ""
                        ],
                        "46": [
                            ""
                        ],
                        "60": [
                            ""
                        ],
                        "70": [
                            ""
                        ],
                        "80": [
                            ""
                        ],
                        "92": [
                            ""
                        ],
                        "106": [
                            ""
                        ],
                        "166": [
                            ""
                        ],
                        "167": [
                            ""
                        ]
                    },
                    "executed_branches": [],
                    "missing_branches": []
                },
                "Binance.__submit_post_request": {
                    "executed_lines": [],
                    "summary": {
                        "covered_lines": 0,
                        "num_statements": 5,
                        "percent_covered": 0.0,
                        "percent_covered_display": "0.00",
                        "missing_lines": 5,
                        "excluded_lines": 0,
                        "num_branches": 0,
                        "num_partial_branches": 0,
                        "covered_branches": 0,
                        "missing_branches": 0
                    },
                    "missing_lines": [
                        100,
                        101,
                        102,
                        103,
                        104
                    ],
                    "excluded_lines": [],
                    "contexts": {
                        "30": [
                            ""
                        ],
                        "14": [
                            ""
                        ],
                        "1": [
                            ""
                        ],
                        "2": [
                            ""
                        ],
                        "3": [
                            ""
                        ],
                        "4": [
                            ""
                        ],
                        "5": [
                            ""
                        ],
                        "6": [
                            ""
                        ],
                        "7": [
                            ""
                        ],
                        "9": [
                            ""
                        ],
                        "10": [
                            ""
                        ],
                        "11": [
                            ""
                        ],
                        "12": [
                            ""
                        ],
                        "15": [
                            ""
                        ],
                        "18": [
                            ""
                        ],
                        "20": [
                            ""
                        ],
                        "32": [
                            ""
                        ],
                        "46": [
                            ""
                        ],
                        "60": [
                            ""
                        ],
                        "70": [
                            ""
                        ],
                        "80": [
                            ""
                        ],
                        "92": [
                            ""
                        ],
                        "106": [
                            ""
                        ],
                        "166": [
                            ""
                        ],
                        "167": [
                            ""
                        ]
                    },
                    "executed_branches": [],
                    "missing_branches": []
                },
                "Binance.create_new_order": {
                    "executed_lines": [],
                    "summary": {
                        "covered_lines": 0,
                        "num_statements": 15,
                        "percent_covered": 0.0,
                        "percent_covered_display": "0.00",
                        "missing_lines": 15,
                        "excluded_lines": 5,
                        "num_branches": 6,
                        "num_partial_branches": 0,
                        "covered_branches": 0,
                        "missing_branches": 6
                    },
                    "missing_lines": [
                        116,
                        117,
                        119,
                        128,
                        129,
                        130,
                        131,
                        132,
                        134,
                        135,
                        136,
                        139,
                        140,
                        148,
                        149
                    ],
                    "excluded_lines": [
                        151,
                        152,
                        155,
                        156,
                        164
                    ],
                    "contexts": {
                        "30": [
                            ""
                        ],
                        "14": [
                            ""
                        ],
                        "1": [
                            ""
                        ],
                        "2": [
                            ""
                        ],
                        "3": [
                            ""
                        ],
                        "4": [
                            ""
                        ],
                        "5": [
                            ""
                        ],
                        "6": [
                            ""
                        ],
                        "7": [
                            ""
                        ],
                        "9": [
                            ""
                        ],
                        "10": [
                            ""
                        ],
                        "11": [
                            ""
                        ],
                        "12": [
                            ""
                        ],
                        "15": [
                            ""
                        ],
                        "18": [
                            ""
                        ],
                        "20": [
                            ""
                        ],
                        "32": [
                            ""
                        ],
                        "46": [
                            ""
                        ],
                        "60": [
                            ""
                        ],
                        "70": [
                            ""
                        ],
                        "80": [
                            ""
                        ],
                        "92": [
                            ""
                        ],
                        "106": [
                            ""
                        ],
                        "166": [
                            ""
                        ],
                        "167": [
                            ""
                        ]
                    },
                    "executed_branches": [],
                    "missing_branches": [
                        [
                            128,
                            129
                        ],
                        [
                            128,
                            134
                        ],
                        [
                            129,
                            130
                        ],
                        [
                            129,
                            131
                        ],
                        [
                            139,
                            140
                        ],
                        [
                            139,
                            148
                        ]
                    ]
                },
                "Binance.__get_binance_order_type": {
                    "executed_lines": [],
                    "summary": {
                        "covered_lines": 0,
                        "num_statements": 4,
                        "percent_covered": 0.0,
                        "percent_covered_display": "0.00",
                        "missing_lines": 4,
                        "excluded_lines": 0,
                        "num_branches": 2,
                        "num_partial_branches": 0,
                        "covered_branches": 0,
                        "missing_branches": 2
                    },
                    "missing_lines": [
                        175,
                        183,
                        184,
                        186
                    ],
                    "excluded_lines": [],
                    "contexts": {
                        "30": [
                            ""
                        ],
                        "14": [
                            ""
                        ],
                        "1": [
                            ""
                        ],
                        "2": [
                            ""
                        ],
                        "3": [
                            ""
                        ],
                        "4": [
                            ""
                        ],
                        "5": [
                            ""
                        ],
                        "6": [
                            ""
                        ],
                        "7": [
                            ""
                        ],
                        "9": [
                            ""
                        ],
                        "10": [
                            ""
                        ],
                        "11": [
                            ""
                        ],
                        "12": [
                            ""
                        ],
                        "15": [
                            ""
                        ],
                        "18": [
                            ""
                        ],
                        "20": [
                            ""
                        ],
                        "32": [
                            ""
                        ],
                        "46": [
                            ""
                        ],
                        "60": [
                            ""
                        ],
                        "70": [
                            ""
                        ],
                        "80": [
                            ""
                        ],
                        "92": [
                            ""
                        ],
                        "106": [
                            ""
                        ],
                        "166": [
                            ""
                        ],
                        "167": [
                            ""
                        ]
                    },
                    "executed_branches": [],
                    "missing_branches": [
                        [
                            183,
                            184
                        ],
                        [
                            183,
                            186
                        ]
                    ]
                },
                "": {
                    "executed_lines": [
                        1,
                        2,
                        3,
                        4,
                        5,
                        6,
                        7,
                        9,
                        10,
                        11,
                        12,
                        14,
                        15,
                        18,
                        20,
                        32,
                        46,
                        60,
                        70,
                        80,
                        92,
                        106,
                        166,
                        167
                    ],
                    "summary": {
                        "covered_lines": 23,
                        "num_statements": 23,
                        "percent_covered": 100.0,
                        "percent_covered_display": "100.00",
                        "missing_lines": 0,
                        "excluded_lines": 0,
                        "num_branches": 0,
                        "num_partial_branches": 0,
                        "covered_branches": 0,
                        "missing_branches": 0
                    },
                    "missing_lines": [],
                    "excluded_lines": [],
                    "contexts": {
                        "30": [
                            ""
                        ],
                        "14": [
                            ""
                        ],
                        "1": [
                            ""
                        ],
                        "2": [
                            ""
                        ],
                        "3": [
                            ""
                        ],
                        "4": [
                            ""
                        ],
                        "5": [
                            ""
                        ],
                        "6": [
                            ""
                        ],
                        "7": [
                            ""
                        ],
                        "9": [
                            ""
                        ],
                        "10": [
                            ""
                        ],
                        "11": [
                            ""
                        ],
                        "12": [
                            ""
                        ],
                        "15": [
                            ""
                        ],
                        "18": [
                            ""
                        ],
                        "20": [
                            ""
                        ],
                        "32": [
                            ""
                        ],
                        "46": [
                            ""
                        ],
                        "60": [
                            ""
                        ],
                        "70": [
                            ""
                        ],
                        "80": [
                            ""
                        ],
                        "92": [
                            ""
                        ],
                        "106": [
                            ""
                        ],
                        "166": [
                            ""
                        ],
                        "167": [
                            ""
                        ]
                    },
                    "executed_branches": [],
                    "missing_branches": []
                }
            },
            "classes": {
                "Binance": {
                    "executed_lines": [
                        30
                    ],
                    "summary": {
                        "covered_lines": 1,
                        "num_statements": 47,
                        "percent_covered": 1.8181818181818181,
                        "percent_covered_display": "1.82",
                        "missing_lines": 46,
                        "excluded_lines": 5,
                        "num_branches": 8,
                        "num_partial_branches": 0,
                        "covered_branches": 0,
                        "missing_branches": 8
                    },
                    "missing_lines": [
                        40,
                        41,
                        42,
                        43,
                        44,
                        54,
                        55,
                        56,
                        57,
                        58,
                        66,
                        67,
                        68,
                        74,
                        75,
                        76,
                        77,
                        78,
                        87,
                        88,
                        89,
                        90,
                        100,
                        101,
                        102,
                        103,
                        104,
                        116,
                        117,
                        119,
                        128,
                        129,
                        130,
                        131,
                        132,
                        134,
                        135,
                        136,
                        139,
                        140,
                        148,
                        149,
                        175,
                        183,
                        184,
                        186
                    ],
                    "excluded_lines": [
                        151,
                        152,
                        155,
                        156,
                        164
                    ],
                    "contexts": {
                        "30": [
                            ""
                        ],
                        "14": [
                            ""
                        ],
                        "1": [
                            ""
                        ],
                        "2": [
                            ""
                        ],
                        "3": [
                            ""
                        ],
                        "4": [
                            ""
                        ],
                        "5": [
                            ""
                        ],
                        "6": [
                            ""
                        ],
                        "7": [
                            ""
                        ],
                        "9": [
                            ""
                        ],
                        "10": [
                            ""
                        ],
                        "11": [
                            ""
                        ],
                        "12": [
                            ""
                        ],
                        "15": [
                            ""
                        ],
                        "18": [
                            ""
                        ],
                        "20": [
                            ""
                        ],
                        "32": [
                            ""
                        ],
                        "46": [
                            ""
                        ],
                        "60": [
                            ""
                        ],
                        "70": [
                            ""
                        ],
                        "80": [
                            ""
                        ],
                        "92": [
                            ""
                        ],
                        "106": [
                            ""
                        ],
                        "166": [
                            ""
                        ],
                        "167": [
                            ""
                        ]
                    },
                    "executed_branches": [],
                    "missing_branches": [
                        [
                            128,
                            129
                        ],
                        [
                            128,
                            134
                        ],
                        [
                            129,
                            130
                        ],
                        [
                            129,
                            131
                        ],
                        [
                            139,
                            140
                        ],
                        [
                            139,
                            148
                        ],
                        [
                            183,
                            184
                        ],
                        [
                            183,
                            186
                        ]
                    ]
                },
                "": {
                    "executed_lines": [
                        1,
                        2,
                        3,
                        4,
                        5,
                        6,
                        7,
                        9,
                        10,
                        11,
                        12,
                        14,
                        15,
                        18,
                        20,
                        32,
                        46,
                        60,
                        70,
                        80,
                        92,
                        106,
                        166,
                        167
                    ],
                    "summary": {
                        "covered_lines": 23,
                        "num_statements": 23,
                        "percent_covered": 100.0,
                        "percent_covered_display": "100.00",
                        "missing_lines": 0,
                        "excluded_lines": 0,
                        "num_branches": 0,
                        "num_partial_branches": 0,
                        "covered_branches": 0,
                        "missing_branches": 0
                    },
                    "missing_lines": [],
                    "excluded_lines": [],
                    "contexts": {
                        "30": [
                            ""
                        ],
                        "14": [
                            ""
                        ],
                        "1": [
                            ""
                        ],
                        "2": [
                            ""
                        ],
                        "3": [
                            ""
                        ],
                        "4": [
                            ""
                        ],
                        "5": [
                            ""
                        ],
                        "6": [
                            ""
                        ],
                        "7": [
                            ""
                        ],
                        "9": [
                            ""
                        ],
                        "10": [
                            ""
                        ],
                        "11": [
                            ""
                        ],
                        "12": [
                            ""
                        ],
                        "15": [
                            ""
                        ],
                        "18": [
                            ""
                        ],
                        "20": [
                            ""
                        ],
                        "32": [
                            ""
                        ],
                        "46": [
                            ""
                        ],
                        "60": [
                            ""
                        ],
                        "70": [
                            ""
                        ],
                        "80": [
                            ""
                        ],
                        "92": [
                            ""
                        ],
                        "106": [
                            ""
                        ],
                        "166": [
                            ""
                        ],
                        "167": [
                            ""
                        ]
                    },
                    "executed_branches": [],
                    "missing_branches": []
                }
            }
        },
        "Exchanges\\Test\\BinanceBacktestClient.py": {
            "executed_lines": [
                1,
                2,
                3,
                4,
                5,
                6,
                7,
                8,
                9,
                10,
                12,
                13,
                14,
                15,
                16,
                18,
                19,
                21,
                31,
                32,
                33,
                34,
                36,
                48,
                56,
                96,
                97,
                118,
                126,
                132,
                167,
                203,
                225
            ],
            "summary": {
                "covered_lines": 33,
                "num_statements": 119,
                "percent_covered": 21.019108280254777,
                "percent_covered_display": "21.02",
                "missing_lines": 86,
                "excluded_lines": 2,
                "num_branches": 38,
                "num_partial_branches": 0,
                "covered_branches": 0,
                "missing_branches": 38
            },
            "missing_lines": [
                40,
                41,
                52,
                53,
                54,
                61,
                62,
                63,
                65,
                66,
                68,
                69,
                70,
                71,
                73,
                74,
                75,
                78,
                79,
                81,
                82,
                84,
                87,
                88,
                90,
                93,
                94,
                105,
                113,
                114,
                116,
                124,
                130,
                141,
                143,
                152,
                155,
                156,
                164,
                172,
                173,
                175,
                176,
                179,
                180,
                181,
                184,
                185,
                186,
                187,
                188,
                192,
                195,
                196,
                197,
                198,
                200,
                210,
                216,
                218,
                219,
                220,
                221,
                223,
                230,
                231,
                233,
                234,
                235,
                238,
                239,
                240,
                243,
                245,
                246,
                249,
                254,
                255,
                256,
                257,
                259,
                260,
                262,
                263,
                265,
                266
            ],
            "excluded_lines": [
                189,
                190
            ],
            "contexts": {
                "31": [
                    ""
                ],
                "18": [
                    ""
                ],
                "1": [
                    ""
                ],
                "2": [
                    ""
                ],
                "3": [
                    ""
                ],
                "4": [
                    ""
                ],
                "5": [
                    ""
                ],
                "6": [
                    ""
                ],
                "7": [
                    ""
                ],
                "8": [
                    ""
                ],
                "9": [
                    ""
                ],
                "10": [
                    ""
                ],
                "12": [
                    ""
                ],
                "13": [
                    ""
                ],
                "14": [
                    ""
                ],
                "15": [
                    ""
                ],
                "16": [
                    ""
                ],
                "19": [
                    ""
                ],
                "21": [
                    ""
                ],
                "36": [
                    ""
                ],
                "32": [
                    ""
                ],
                "33": [
                    ""
                ],
                "34": [
                    ""
                ],
                "48": [
                    ""
                ],
                "56": [
                    ""
                ],
                "96": [
                    ""
                ],
                "97": [
                    ""
                ],
                "118": [
                    ""
                ],
                "126": [
                    ""
                ],
                "132": [
                    ""
                ],
                "167": [
                    ""
                ],
                "203": [
                    ""
                ],
                "225": [
                    ""
                ]
            },
            "executed_branches": [],
            "missing_branches": [
                [
                    40,
                    -36
                ],
                [
                    40,
                    41
                ],
                [
                    52,
                    -48
                ],
                [
                    52,
                    53
                ],
                [
                    65,
                    66
                ],
                [
                    65,
                    93
                ],
                [
                    68,
                    69
                ],
                [
                    68,
                    73
                ],
                [
                    69,
                    70
                ],
                [
                    69,
                    71
                ],
                [
                    74,
                    75
                ],
                [
                    74,
                    78
                ],
                [
                    78,
                    79
                ],
                [
                    78,
                    81
                ],
                [
                    81,
                    82
                ],
                [
                    81,
                    84
                ],
                [
                    87,
                    88
                ],
                [
                    87,
                    90
                ],
                [
                    113,
                    114
                ],
                [
                    113,
                    116
                ],
                [
                    155,
                    156
                ],
                [
                    155,
                    164
                ],
                [
                    172,
                    173
                ],
                [
                    172,
                    175
                ],
                [
                    179,
                    180
                ],
                [
                    179,
                    195
                ],
                [
                    185,
                    186
                ],
                [
                    185,
                    192
                ],
                [
                    195,
                    196
                ],
                [
                    195,
                    197
                ],
                [
                    197,
                    198
                ],
                [
                    197,
                    200
                ],
                [
                    230,
                    231
                ],
                [
                    230,
                    233
                ],
                [
                    254,
                    255
                ],
                [
                    254,
                    262
                ],
                [
                    262,
                    263
                ],
                [
                    262,
                    265
                ]
            ],
            "functions": {
                "BinanceBacktestClient.__init__": {
                    "executed_lines": [
                        31,
                        32,
                        33,
                        34
                    ],
                    "summary": {
                        "covered_lines": 4,
                        "num_statements": 4,
                        "percent_covered": 100.0,
                        "percent_covered_display": "100.00",
                        "missing_lines": 0,
                        "excluded_lines": 0,
                        "num_branches": 0,
                        "num_partial_branches": 0,
                        "covered_branches": 0,
                        "missing_branches": 0
                    },
                    "missing_lines": [],
                    "excluded_lines": [],
                    "contexts": {
                        "31": [
                            ""
                        ],
                        "18": [
                            ""
                        ],
                        "1": [
                            ""
                        ],
                        "2": [
                            ""
                        ],
                        "3": [
                            ""
                        ],
                        "4": [
                            ""
                        ],
                        "5": [
                            ""
                        ],
                        "6": [
                            ""
                        ],
                        "7": [
                            ""
                        ],
                        "8": [
                            ""
                        ],
                        "9": [
                            ""
                        ],
                        "10": [
                            ""
                        ],
                        "12": [
                            ""
                        ],
                        "13": [
                            ""
                        ],
                        "14": [
                            ""
                        ],
                        "15": [
                            ""
                        ],
                        "16": [
                            ""
                        ],
                        "19": [
                            ""
                        ],
                        "21": [
                            ""
                        ],
                        "36": [
                            ""
                        ],
                        "32": [
                            ""
                        ],
                        "33": [
                            ""
                        ],
                        "34": [
                            ""
                        ],
                        "48": [
                            ""
                        ],
                        "56": [
                            ""
                        ],
                        "96": [
                            ""
                        ],
                        "97": [
                            ""
                        ],
                        "118": [
                            ""
                        ],
                        "126": [
                            ""
                        ],
                        "132": [
                            ""
                        ],
                        "167": [
                            ""
                        ],
                        "203": [
                            ""
                        ],
                        "225": [
                            ""
                        ]
                    },
                    "executed_branches": [],
                    "missing_branches": []
                },
                "BinanceBacktestClient.initialize_strategy_progress_bar": {
                    "executed_lines": [],
                    "summary": {
                        "covered_lines": 0,
                        "num_statements": 2,
                        "percent_covered": 0.0,
                        "percent_covered_display": "0.00",
                        "missing_lines": 2,
                        "excluded_lines": 0,
                        "num_branches": 2,
                        "num_partial_branches": 0,
                        "covered_branches": 0,
                        "missing_branches": 2
                    },
                    "missing_lines": [
                        40,
                        41
                    ],
                    "excluded_lines": [],
                    "contexts": {
                        "31": [
                            ""
                        ],
                        "18": [
                            ""
                        ],
                        "1": [
                            ""
                        ],
                        "2": [
                            ""
                        ],
                        "3": [
                            ""
                        ],
                        "4": [
                            ""
                        ],
                        "5": [
                            ""
                        ],
                        "6": [
                            ""
                        ],
                        "7": [
                            ""
                        ],
                        "8": [
                            ""
                        ],
                        "9": [
                            ""
                        ],
                        "10": [
                            ""
                        ],
                        "12": [
                            ""
                        ],
                        "13": [
                            ""
                        ],
                        "14": [
                            ""
                        ],
                        "15": [
                            ""
                        ],
                        "16": [
                            ""
                        ],
                        "19": [
                            ""
                        ],
                        "21": [
                            ""
                        ],
                        "36": [
                            ""
                        ],
                        "32": [
                            ""
                        ],
                        "33": [
                            ""
                        ],
                        "34": [
                            ""
                        ],
                        "48": [
                            ""
                        ],
                        "56": [
                            ""
                        ],
                        "96": [
                            ""
                        ],
                        "97": [
                            ""
                        ],
                        "118": [
                            ""
                        ],
                        "126": [
                            ""
                        ],
                        "132": [
                            ""
                        ],
                        "167": [
                            ""
                        ],
                        "203": [
                            ""
                        ],
                        "225": [
                            ""
                        ]
                    },
                    "executed_branches": [],
                    "missing_branches": [
                        [
                            40,
                            -36
                        ],
                        [
                            40,
                            41
                        ]
                    ]
                },
                "BinanceBacktestClient.close_strategy_progress_bar": {
                    "executed_lines": [],
                    "summary": {
                        "covered_lines": 0,
                        "num_statements": 3,
                        "percent_covered": 0.0,
                        "percent_covered_display": "0.00",
                        "missing_lines": 3,
                        "excluded_lines": 0,
                        "num_branches": 2,
                        "num_partial_branches": 0,
                        "covered_branches": 0,
                        "missing_branches": 2
                    },
                    "missing_lines": [
                        52,
                        53,
                        54
                    ],
                    "excluded_lines": [],
                    "contexts": {
                        "31": [
                            ""
                        ],
                        "18": [
                            ""
                        ],
                        "1": [
                            ""
                        ],
                        "2": [
                            ""
                        ],
                        "3": [
                            ""
                        ],
                        "4": [
                            ""
                        ],
                        "5": [
                            ""
                        ],
                        "6": [
                            ""
                        ],
                        "7": [
                            ""
                        ],
                        "8": [
                            ""
                        ],
                        "9": [
                            ""
                        ],
                        "10": [
                            ""
                        ],
                        "12": [
                            ""
                        ],
                        "13": [
                            ""
                        ],
                        "14": [
                            ""
                        ],
                        "15": [
                            ""
                        ],
                        "16": [
                            ""
                        ],
                        "19": [
                            ""
                        ],
                        "21": [
                            ""
                        ],
                        "36": [
                            ""
                        ],
                        "32": [
                            ""
                        ],
                        "33": [
                            ""
                        ],
                        "34": [
                            ""
                        ],
                        "48": [
                            ""
                        ],
                        "56": [
                            ""
                        ],
                        "96": [
                            ""
                        ],
                        "97": [
                            ""
                        ],
                        "118": [
                            ""
                        ],
                        "126": [
                            ""
                        ],
                        "132": [
                            ""
                        ],
                        "167": [
                            ""
                        ],
                        "203": [
                            ""
                        ],
                        "225": [
                            ""
                        ]
                    },
                    "executed_branches": [],
                    "missing_branches": [
                        [
                            52,
                            -48
                        ],
                        [
                            52,
                            53
                        ]
                    ]
                },
                "BinanceBacktestClient.__fetch_candle_data_from_time_interval": {
                    "executed_lines": [],
                    "summary": {
                        "covered_lines": 0,
                        "num_statements": 22,
                        "percent_covered": 0.0,
                        "percent_covered_display": "0.00",
                        "missing_lines": 22,
                        "excluded_lines": 0,
                        "num_branches": 14,
                        "num_partial_branches": 0,
                        "covered_branches": 0,
                        "missing_branches": 14
                    },
                    "missing_lines": [
                        61,
                        62,
                        63,
                        65,
                        66,
                        68,
                        69,
                        70,
                        71,
                        73,
                        74,
                        75,
                        78,
                        79,
                        81,
                        82,
                        84,
                        87,
                        88,
                        90,
                        93,
                        94
                    ],
                    "excluded_lines": [],
                    "contexts": {
                        "31": [
                            ""
                        ],
                        "18": [
                            ""
                        ],
                        "1": [
                            ""
                        ],
                        "2": [
                            ""
                        ],
                        "3": [
                            ""
                        ],
                        "4": [
                            ""
                        ],
                        "5": [
                            ""
                        ],
                        "6": [
                            ""
                        ],
                        "7": [
                            ""
                        ],
                        "8": [
                            ""
                        ],
                        "9": [
                            ""
                        ],
                        "10": [
                            ""
                        ],
                        "12": [
                            ""
                        ],
                        "13": [
                            ""
                        ],
                        "14": [
                            ""
                        ],
                        "15": [
                            ""
                        ],
                        "16": [
                            ""
                        ],
                        "19": [
                            ""
                        ],
                        "21": [
                            ""
                        ],
                        "36": [
                            ""
                        ],
                        "32": [
                            ""
                        ],
                        "33": [
                            ""
                        ],
                        "34": [
                            ""
                        ],
                        "48": [
                            ""
                        ],
                        "56": [
                            ""
                        ],
                        "96": [
                            ""
                        ],
                        "97": [
                            ""
                        ],
                        "118": [
                            ""
                        ],
                        "126": [
                            ""
                        ],
                        "132": [
                            ""
                        ],
                        "167": [
                            ""
                        ],
                        "203": [
                            ""
                        ],
                        "225": [
                            ""
                        ]
                    },
                    "executed_branches": [],
                    "missing_branches": [
                        [
                            65,
                            66
                        ],
                        [
                            65,
                            93
                        ],
                        [
                            68,
                            69
                        ],
                        [
                            68,
                            73
                        ],
                        [
                            69,
                            70
                        ],
                        [
                            69,
                            71
                        ],
                        [
                            74,
                            75
                        ],
                        [
                            74,
                            78
                        ],
                        [
                            78,
                            79
                        ],
                        [
                            78,
                            81
                        ],
                        [
                            81,
                            82
                        ],
                        [
                            81,
                            84
                        ],
                        [
                            87,
                            88
                        ],
                        [
                            87,
                            90
                        ]
                    ]
                },
                "BinanceBacktestClient.__get_binance_order_type": {
                    "executed_lines": [],
                    "summary": {
                        "covered_lines": 0,
                        "num_statements": 4,
                        "percent_covered": 0.0,
                        "percent_covered_display": "0.00",
                        "missing_lines": 4,
                        "excluded_lines": 0,
                        "num_branches": 2,
                        "num_partial_branches": 0,
                        "covered_branches": 0,
                        "missing_branches": 2
                    },
                    "missing_lines": [
                        105,
                        113,
                        114,
                        116
                    ],
                    "excluded_lines": [],
                    "contexts": {
                        "31": [
                            ""
                        ],
                        "18": [
                            ""
                        ],
                        "1": [
                            ""
                        ],
                        "2": [
                            ""
                        ],
                        "3": [
                            ""
                        ],
                        "4": [
                            ""
                        ],
                        "5": [
                            ""
                        ],
                        "6": [
                            ""
                        ],
                        "7": [
                            ""
                        ],
                        "8": [
                            ""
                        ],
                        "9": [
                            ""
                        ],
                        "10": [
                            ""
                        ],
                        "12": [
                            ""
                        ],
                        "13": [
                            ""
                        ],
                        "14": [
                            ""
                        ],
                        "15": [
                            ""
                        ],
                        "16": [
                            ""
                        ],
                        "19": [
                            ""
                        ],
                        "21": [
                            ""
                        ],
                        "36": [
                            ""
                        ],
                        "32": [
                            ""
                        ],
                        "33": [
                            ""
                        ],
                        "34": [
                            ""
                        ],
                        "48": [
                            ""
                        ],
                        "56": [
                            ""
                        ],
                        "96": [
                            ""
                        ],
                        "97": [
                            ""
                        ],
                        "118": [
                            ""
                        ],
                        "126": [
                            ""
                        ],
                        "132": [
                            ""
                        ],
                        "167": [
                            ""
                        ],
                        "203": [
                            ""
                        ],
                        "225": [
                            ""
                        ]
                    },
                    "executed_branches": [],
                    "missing_branches": [
                        [
                            113,
[...]
                        [
                            130,
                            131
                        ],
                        [
                            130,
                            137
                        ],
                        [
                            132,
                            133
                        ],
                        [
                            132,
                            134
                        ]
                    ]
                },
                "PracticalBuildRunner.step_3_basic_tests": {
                    "executed_lines": [],
                    "summary": {
                        "covered_lines": 0,
                        "num_statements": 8,
                        "percent_covered": 0.0,
                        "percent_covered_display": "0.00",
                        "missing_lines": 8,
                        "excluded_lines": 0,
                        "num_branches": 2,
                        "num_partial_branches": 0,
                        "covered_branches": 0,
                        "missing_branches": 2
                    },
                    "missing_lines": [
                        143,
                        145,
                        147,
                        148,
                        151,
                        152,
                        154,
                        155
                    ],
                    "excluded_lines": [],
                    "contexts": {},
                    "executed_branches": [],
                    "missing_branches": [
                        [
                            145,
                            147
                        ],
                        [
                            145,
                            151
                        ]
                    ]
                },
                "PracticalBuildRunner.step_4_generate_basic_coverage": {
                    "executed_lines": [],
                    "summary": {
                        "covered_lines": 0,
                        "num_statements": 8,
                        "percent_covered": 0.0,
                        "percent_covered_display": "0.00",
                        "missing_lines": 8,
                        "excluded_lines": 0,
                        "num_branches": 2,
                        "num_partial_branches": 0,
                        "covered_branches": 0,
                        "missing_branches": 2
                    },
                    "missing_lines": [
                        159,
                        162,
                        168,
                        169,
                        170,
                        171,
                        173,
                        174
                    ],
                    "excluded_lines": [],
                    "contexts": {},
                    "executed_branches": [],
                    "missing_branches": [
                        [
                            168,
                            169
                        ],
                        [
                            168,
                            173
                        ]
                    ]
                },
                "PracticalBuildRunner.print_summary": {
                    "executed_lines": [],
                    "summary": {
                        "covered_lines": 0,
                        "num_statements": 27,
                        "percent_covered": 0.0,
                        "percent_covered_display": "0.00",
                        "missing_lines": 27,
                        "excluded_lines": 0,
                        "num_branches": 4,
                        "num_partial_branches": 0,
                        "covered_branches": 0,
                        "missing_branches": 4
                    },
                    "missing_lines": [
                        178,
                        179,
                        181,
                        182,
                        183,
                        186,
                        191,
                        193,
                        194,
                        196,
                        197,
                        198,
                        199,
                        202,
                        203,
                        210,
                        211,
                        212,
                        214,
                        216,
                        217,
                        218,
                        219,
                        221,
                        222,
                        223,
                        225
                    ],
                    "excluded_lines": [],
                    "contexts": {},
                    "executed_branches": [],
                    "missing_branches": [
                        [
                            210,
                            211
                        ],
                        [
                            210,
                            214
                        ],
                        [
                            216,
                            217
                        ],
                        [
                            216,
                            221
                        ]
                    ]
                },
                "PracticalBuildRunner.run_build": {
                    "executed_lines": [],
                    "summary": {
                        "covered_lines": 0,
                        "num_statements": 14,
                        "percent_covered": 0.0,
                        "percent_covered_display": "0.00",
                        "missing_lines": 14,
                        "excluded_lines": 6,
                        "num_branches": 4,
                        "num_partial_branches": 0,
                        "covered_branches": 0,
                        "missing_branches": 4
                    },
                    "missing_lines": [
                        229,
                        231,
                        233,
                        234,
                        235,
                        237,
                        238,
                        239,
                        242,
                        245,
                        248,
                        250,
                        259,
                        260
                    ],
                    "excluded_lines": [
                        252,
                        253,
                        254,
                        255,
                        256,
                        257
                    ],
                    "contexts": {},
                    "executed_branches": [],
                    "missing_branches": [
                        [
                            233,
                            234
                        ],
                        [
                            233,
                            237
                        ],
                        [
                            237,
                            238
                        ],
                        [
                            237,
                            242
                        ]
                    ]
                },
                "main": {
                    "executed_lines": [],
                    "summary": {
                        "covered_lines": 0,
                        "num_statements": 8,
                        "percent_covered": 0.0,
                        "percent_covered_display": "0.00",
                        "missing_lines": 8,
                        "excluded_lines": 0,
                        "num_branches": 0,
                        "num_partial_branches": 0,
                        "covered_branches": 0,
                        "missing_branches": 0
                    },
                    "missing_lines": [
                        265,
                        269,
                        275,
                        281,
                        284,
                        285,
                        287,
                        293
                    ],
                    "excluded_lines": [],
                    "contexts": {},
                    "executed_branches": [],
                    "missing_branches": []
                },
                "": {
                    "executed_lines": [],
                    "summary": {
                        "covered_lines": 0,
                        "num_statements": 19,
                        "percent_covered": 0.0,
                        "percent_covered_display": "0.00",
                        "missing_lines": 19,
                        "excluded_lines": 2,
                        "num_branches": 0,
                        "num_partial_branches": 0,
                        "covered_branches": 0,
                        "missing_branches": 0
                    },
                    "missing_lines": [
                        18,
                        19,
                        20,
                        21,
                        22,
                        23,
                        24,
                        27,
                        30,
                        41,
                        50,
                        55,
                        73,
                        106,
                        141,
                        157,
                        176,
                        227,
                        263
                    ],
                    "excluded_lines": [
                        296,
                        297
                    ],
                    "contexts": {},
                    "executed_branches": [],
                    "missing_branches": []
                }
            },
            "classes": {
                "PracticalBuildRunner": {
                    "executed_lines": [],
                    "summary": {
                        "covered_lines": 0,
                        "num_statements": 112,
                        "percent_covered": 0.0,
                        "percent_covered_display": "0.00",
                        "missing_lines": 112,
                        "excluded_lines": 12,
                        "num_branches": 30,
                        "num_partial_branches": 0,
                        "covered_branches": 0,
                        "missing_branches": 30
                    },
                    "missing_lines": [
                        31,
                        32,
                        33,
                        43,
                        44,
                        45,
                        46,
                        47,
                        48,
                        52,
                        53,
                        57,
                        65,
                        66,
                        68,
                        69,
                        71,
                        75,
                        77,
                        78,
                        80,
                        81,
                        82,
                        84,
                        85,
                        86,
                        87,
                        93,
                        94,
                        95,
                        96,
                        97,
                        98,
                        99,
                        100,
                        102,
                        103,
                        104,
                        108,
                        110,
                        116,
                        118,
                        119,
                        120,
                        125,
                        126,
                        130,
                        131,
                        132,
                        133,
                        134,
                        135,
                        137,
                        138,
                        139,
                        143,
                        145,
                        147,
                        148,
                        151,
                        152,
                        154,
                        155,
                        159,
                        162,
                        168,
                        169,
                        170,
                        171,
                        173,
                        174,
                        178,
                        179,
                        181,
                        182,
                        183,
                        186,
                        191,
                        193,
                        194,
                        196,
                        197,
                        198,
                        199,
                        202,
                        203,
                        210,
                        211,
                        212,
                        214,
                        216,
                        217,
                        218,
                        219,
                        221,
                        222,
                        223,
                        225,
                        229,
                        231,
                        233,
                        234,
                        235,
                        237,
                        238,
                        239,
                        242,
                        245,
                        248,
                        250,
                        259,
                        260
                    ],
                    "excluded_lines": [
                        88,
                        89,
                        90,
                        91,
                        127,
                        128,
                        252,
                        253,
                        254,
                        255,
                        256,
                        257
                    ],
                    "contexts": {},
                    "executed_branches": [],
                    "missing_branches": [
                        [
                            80,
                            81
                        ],
                        [
                            80,
                            93
                        ],
                        [
                            81,
                            82
                        ],
                        [
                            81,
                            84
                        ],
                        [
                            93,
                            94
                        ],
                        [
                            93,
                            102
                        ],
                        [
                            95,
                            96
                        ],
                        [
                            95,
                            97
                        ],
                        [
                            97,
                            98
                        ],
                        [
                            97,
                            99
                        ],
                        [
                            118,
                            119
                        ],
                        [
                            118,
                            130
                        ],
                        [
                            125,
                            118
                        ],
                        [
                            125,
                            126
                        ],
                        [
                            130,
                            131
                        ],
                        [
                            130,
                            137
                        ],
                        [
                            132,
                            133
                        ],
                        [
                            132,
                            134
                        ],
                        [
                            145,
                            147
                        ],
                        [
                            145,
                            151
                        ],
                        [
                            168,
                            169
                        ],
                        [
                            168,
                            173
                        ],
                        [
                            210,
                            211
                        ],
                        [
                            210,
                            214
                        ],
                        [
                            216,
                            217
                        ],
                        [
                            216,
                            221
                        ],
                        [
                            233,
                            234
                        ],
                        [
                            233,
                            237
                        ],
                        [
                            237,
                            238
                        ],
                        [
                            237,
                            242
                        ]
                    ]
                },
                "": {
                    "executed_lines": [],
                    "summary": {
                        "covered_lines": 0,
                        "num_statements": 27,
                        "percent_covered": 0.0,
                        "percent_covered_display": "0.00",
                        "missing_lines": 27,
                        "excluded_lines": 2,
                        "num_branches": 0,
                        "num_partial_branches": 0,
                        "covered_branches": 0,
                        "missing_branches": 0
                    },
                    "missing_lines": [
                        18,
                        19,
                        20,
                        21,
                        22,
                        23,
                        24,
                        27,
                        30,
                        41,
                        50,
                        55,
                        73,
                        106,
                        141,
                        157,
                        176,
                        227,
                        263,
                        265,
                        269,
                        275,
                        281,
                        284,
                        285,
                        287,
                        293
                    ],
                    "excluded_lines": [
                        296,
                        297
                    ],
                    "contexts": {},
                    "executed_branches": [],
                    "missing_branches": []
                }
            }
        }
    },
    "totals": {
        "covered_lines": 169,
        "num_statements": 1149,
        "percent_covered": 11.411208642808912,
        "percent_covered_display": "11.41",
        "missing_lines": 980,
        "excluded_lines": 83,
        "num_branches": 332,
        "num_partial_branches": 0,
        "covered_branches": 0,
        "missing_branches": 332
    }
}